{"/Users/sriramarajurudrararju/projects/sriram-npm-package-2/src/add/add.ts": {"path":"/Users/sriramarajurudrararju/projects/sriram-npm-package-2/src/add/add.ts","statementMap":{"0":{"start":{"line":1,"column":12},"end":{"line":1,"column":47}},"1":{"start":{"line":1,"column":46},"end":{"line":1,"column":52}},"2":{"start":{"line":3,"column":0},"end":{"line":3,"column":19}}},"fnMap":{"0":{"name":"(anonymous_0)","decl":{"start":{"line":1,"column":12},"end":{"line":1,"column":13}},"loc":{"start":{"line":1,"column":33},"end":{"line":1,"column":47}}}},"branchMap":{},"s":{"0":1,"1":1,"2":1},"f":{"0":1},"b":{}}
,"/Users/sriramarajurudrararju/projects/sriram-npm-package-2/src/hello-world/hello-world.component.tsx": {"path":"/Users/sriramarajurudrararju/projects/sriram-npm-package-2/src/hello-world/hello-world.component.tsx","statementMap":{"0":{"start":{"line":1,"column":0},"end":{"line":1,"column":26}},"1":{"start":{"line":3,"column":19},"end":{"line":3,"column":45}},"2":{"start":{"line":3,"column":25},"end":{"line":3,"column":46}},"3":{"start":{"line":5,"column":0},"end":{"line":5,"column":26}}},"fnMap":{"0":{"name":"(anonymous_1)","decl":{"start":{"line":3,"column":19},"end":{"line":3,"column":25}},"loc":{"start":{"line":3,"column":19},"end":{"line":3,"column":45}}}},"branchMap":{},"s":{"0":1,"1":1,"2":1,"3":1},"f":{"0":1},"b":{}}
}
